# JRE version: OpenJDK Runtime Environment Temurin-17.0.11+9 (17.0.11+9) (build 17.0.11+9)
# Java VM: OpenJDK 64-Bit Server VM Temurin-17.0.11+9 (17.0.11+9, mixed mode, tiered, compressed class ptrs, g1 gc, windows-amd64)
GC Precious Log:
 CPUs: 8 total, 8 available
 Memory: 65425M
 Large Page Support: Disabled
 NUMA Support: Disabled
 Compressed Oops: Disabled
 Heap Region Size: 32M
 Heap Min Capacity: 32M
 Heap Initial Capacity: 1G
 Heap Max Capacity: 50016M
 Pre-touch: Disabled
 Parallel Workers: 8
 Concurrent Workers: 2
 Concurrent Refinement Workers: 8
 Periodic GC: Disabled
Heap:
 garbage-first heap   total 1048576K, used 257207K [0x000001b600000000, 0x000001c236000000)
  region size 32768K, 1 young (32768K), 1 survivors (32768K)
 Metaspace       used 13940K, committed 14080K, reserved 1114112K
  class space    used 1343K, committed 1408K, reserved 1048576K
GC Heap History (11 events):
Event: 1.662 GC heap before
{Heap before GC invocations=0 (full 0):
 garbage-first heap   total 1048576K, used 131072K [0x000001b600000000, 0x000001c236000000)
  region size 32768K, 1 young (32768K), 0 survivors (0K)
 Metaspace       used 12206K, committed 12416K, reserved 1114112K
  class space    used 1175K, committed 1280K, reserved 1048576K
}
Event: 1.672 GC heap after
{Heap after GC invocations=1 (full 0):
 garbage-first heap   total 1048576K, used 145570K [0x000001b600000000, 0x000001c236000000)
  region size 32768K, 1 young (32768K), 1 survivors (32768K)
 Metaspace       used 12206K, committed 12416K, reserved 1114112K
  class space    used 1175K, committed 1280K, reserved 1048576K
}
Event: 1.680 GC heap before
{Heap before GC invocations=1 (full 0):
 garbage-first heap   total 1048576K, used 145570K [0x000001b600000000, 0x000001c236000000)
  region size 32768K, 2 young (65536K), 1 survivors (32768K)
 Metaspace       used 12209K, committed 12416K, reserved 1114112K
  class space    used 1175K, committed 1280K, reserved 1048576K
}
Event: 1.698 GC heap after
{Heap after GC invocations=2 (full 0):
 garbage-first heap   total 1048576K, used 161921K [0x000001b600000000, 0x000001c236000000)
  region size 32768K, 1 young (32768K), 1 survivors (32768K)
 Metaspace       used 12209K, committed 12416K, reserved 1114112K
  class space    used 1175K, committed 1280K, reserved 1048576K
}
Event: 1.703 GC heap before
{Heap before GC invocations=2 (full 0):
 garbage-first heap   total 1048576K, used 161921K [0x000001b600000000, 0x000001c236000000)
  region size 32768K, 2 young (65536K), 1 survivors (32768K)
 Metaspace       used 12209K, committed 12416K, reserved 1114112K
  class space    used 1175K, committed 1280K, reserved 1048576K
}
Event: 1.725 GC heap after
{Heap after GC invocations=3 (full 0):
 garbage-first heap   total 1048576K, used 175365K [0x000001b600000000, 0x000001c236000000)
  region size 32768K, 1 young (32768K), 1 survivors (32768K)
 Metaspace       used 12209K, committed 12416K, reserved 1114112K
  class space    used 1175K, committed 1280K, reserved 1048576K
}
Event: 2.031 GC heap before
{Heap before GC invocations=3 (full 0):
 garbage-first heap   total 1048576K, used 208133K [0x000001b600000000, 0x000001c236000000)
  region size 32768K, 2 young (65536K), 1 survivors (32768K)
 Metaspace       used 13929K, committed 14080K, reserved 1114112K
  class space    used 1342K, committed 1408K, reserved 1048576K
}
Event: 2.058 GC heap after
{Heap after GC invocations=4 (full 0):
 garbage-first heap   total 1048576K, used 202246K [0x000001b600000000, 0x000001c236000000)
  region size 32768K, 1 young (32768K), 1 survivors (32768K)
 Metaspace       used 13929K, committed 14080K, reserved 1114112K
  class space    used 1342K, committed 1408K, reserved 1048576K
}
Event: 2.140 GC heap before
{Heap before GC invocations=4 (full 0):
 garbage-first heap   total 1048576K, used 235014K [0x000001b600000000, 0x000001c236000000)
  region size 32768K, 2 young (65536K), 1 survivors (32768K)
 Metaspace       used 13939K, committed 14080K, reserved 1114112K
  class space    used 1343K, committed 1408K, reserved 1048576K
}
Event: 2.155 GC heap after
{Heap after GC invocations=5 (full 0):
 garbage-first heap   total 1048576K, used 233649K [0x000001b600000000, 0x000001c236000000)
  region size 32768K, 1 young (32768K), 1 survivors (32768K)
 Metaspace       used 13939K, committed 14080K, reserved 1114112K
  class space    used 1343K, committed 1408K, reserved 1048576K
}
Event: 2.237 GC heap before
{Heap before GC invocations=5 (full 0):
 garbage-first heap   total 1048576K, used 266417K [0x000001b600000000, 0x000001c236000000)
  region size 32768K, 2 young (65536K), 1 survivors (32768K)
 Metaspace       used 13940K, committed 14080K, reserved 1114112K
  class space    used 1343K, committed 1408K, reserved 1048576K
}

